This is XeTeX, Version 3.141592653-2.6-0.999996 (TeX Live 2024) (preloaded format=xelatex 2024.3.23)  5 MAY 2024 20:37
entering extended mode
 restricted \write18 enabled.
 %&-line parsing enabled.
**finite_wing.tex
(./finite_wing.tex
LaTeX2e <2023-11-01> patch level 1
L3 programming layer <2024-03-14>
! Undefined control sequence.
l.2 \chapter
            {不可压无粘流绕流有限翼展的机翼}
The control sequence at the end of the top line
of your error message was never \def'ed. If you have
misspelled it (e.g., `\hobx'), type `I' and the correct
spelling (e.g., `I\hbox'). Otherwise just continue,
and I'll forget about whatever was undefined.


! LaTeX Error: Missing \begin{document}.

See the LaTeX manual or LaTeX Companion for explanation.
Type  H <return>  for immediate help.
 ...                                              
                                                  
l.2 \chapter{不
              可压无粘流绕流有限翼展的机翼}
You're in trouble here.  Try typing  <return>  to proceed.
If that doesn't work, type  X <return>  to quit.

Missing character: There is no 不 ("4E0D) in font nullfont!
Missing character: There is no 可 ("53EF) in font nullfont!
Missing character: There is no 压 ("538B) in font nullfont!
Missing character: There is no 无 ("65E0) in font nullfont!
Missing character: There is no 粘 ("7C98) in font nullfont!
Missing character: There is no 流 ("6D41) in font nullfont!
Missing character: There is no 绕 ("7ED5) in font nullfont!
Missing character: There is no 流 ("6D41) in font nullfont!
Missing character: There is no 有 ("6709) in font nullfont!
Missing character: There is no 限 ("9650) in font nullfont!
Missing character: There is no 翼 ("7FFC) in font nullfont!
Missing character: There is no 展 ("5C55) in font nullfont!
Missing character: There is no 的 ("7684) in font nullfont!
Missing character: There is no 机 ("673A) in font nullfont!
Missing character: There is no 翼 ("7FFC) in font nullfont!
Missing character: There is no 前 ("524D) in font nullfont!
Missing character: There is no 面 ("9762) in font nullfont!
Missing character: There is no 介 ("4ECB) in font nullfont!
Missing character: There is no 绍 ("7ECD) in font nullfont!
Missing character: There is no 了 ("4E86) in font nullfont!
Missing character: There is no 无 ("65E0) in font nullfont!
Missing character: There is no 限 ("9650) in font nullfont!
Missing character: There is no 翼 ("7FFC) in font nullfont!
Missing character: There is no 展 ("5C55) in font nullfont!
Missing character: There is no 的 ("7684) in font nullfont!
Missing character: There is no 翼 ("7FFC) in font nullfont!
Missing character: There is no 型 ("578B) in font nullfont!
Missing character: There is no 气 ("6C14) in font nullfont!
Missing character: There is no 动 ("52A8) in font nullfont!
Missing character: There is no 特 ("7279) in font nullfont!
Missing character: There is no 性 ("6027) in font nullfont!
Missing character: There is no ， ("FF0C) in font nullfont!
Missing character: There is no 这 ("8FD9) in font nullfont!
Missing character: There is no 一 ("4E00) in font nullfont!
Missing character: There is no 章 ("7AE0) in font nullfont!
Missing character: There is no 主 ("4E3B) in font nullfont!
Missing character: There is no 要 ("8981) in font nullfont!
Missing character: There is no 介 ("4ECB) in font nullfont!
Missing character: There is no 绍 ("7ECD) in font nullfont!
Missing character: There is no 有 ("6709) in font nullfont!
Missing character: There is no 限 ("9650) in font nullfont!
Missing character: There is no 翼 ("7FFC) in font nullfont!
Missing character: There is no 展 ("5C55) in font nullfont!
Missing character: There is no 的 ("7684) in font nullfont!
Missing character: There is no 机 ("673A) in font nullfont!
Missing character: There is no 翼 ("7FFC) in font nullfont!
Missing character: There is no 的 ("7684) in font nullfont!
Missing character: There is no 气 ("6C14) in font nullfont!
Missing character: There is no 动 ("52A8) in font nullfont!
Missing character: There is no 特 ("7279) in font nullfont!
Missing character: There is no 性 ("6027) in font nullfont!
Missing character: There is no 。 ("3002) in font nullfont!
! Undefined control sequence.
l.5 \section
            {下洗和诱导阻力}
The control sequence at the end of the top line
of your error message was never \def'ed. If you have
misspelled it (e.g., `\hobx'), type `I' and the correct
spelling (e.g., `I\hbox'). Otherwise just continue,
and I'll forget about whatever was undefined.

Missing character: There is no 下 ("4E0B) in font nullfont!
Missing character: There is no 洗 ("6D17) in font nullfont!
Missing character: There is no 和 ("548C) in font nullfont!
Missing character: There is no 诱 ("8BF1) in font nullfont!
Missing character: There is no 导 ("5BFC) in font nullfont!
Missing character: There is no 阻 ("963B) in font nullfont!
Missing character: There is no 力 ("529B) in font nullfont!
Missing character: There is no 有 ("6709) in font nullfont!
Missing character: There is no 限 ("9650) in font nullfont!
Missing character: There is no 翼 ("7FFC) in font nullfont!
Missing character: There is no 展 ("5C55) in font nullfont!
Missing character: There is no 的 ("7684) in font nullfont!
Missing character: There is no 机 ("673A) in font nullfont!
Missing character: There is no 翼 ("7FFC) in font nullfont!
Missing character: There is no 是 ("662F) in font nullfont!
Missing character: There is no 三 ("4E09) in font nullfont!
Missing character: There is no 维 ("7EF4) in font nullfont!
Missing character: There is no 的 ("7684) in font nullfont!
Missing character: There is no ， ("FF0C) in font nullfont!
Missing character: There is no 所 ("6240) in font nullfont!
Missing character: There is no 以 ("4EE5) in font nullfont!
Missing character: There is no 机 ("673A) in font nullfont!
Missing character: There is no 翼 ("7FFC) in font nullfont!
Missing character: There is no 的 ("7684) in font nullfont!
Missing character: There is no 气 ("6C14) in font nullfont!
Missing character: There is no 动 ("52A8) in font nullfont!
Missing character: There is no 特 ("7279) in font nullfont!
Missing character: There is no 性 ("6027) in font nullfont!
Missing character: There is no 和 ("548C) in font nullfont!
Missing character: There is no 翼 ("7FFC) in font nullfont!
Missing character: There is no 型 ("578B) in font nullfont!
Missing character: There is no 的 ("7684) in font nullfont!
Missing character: There is no 气 ("6C14) in font nullfont!
Missing character: There is no 动 ("52A8) in font nullfont!
Missing character: There is no 特 ("7279) in font nullfont!
Missing character: There is no 性 ("6027) in font nullfont!
Missing character: There is no 不 ("4E0D) in font nullfont!
Missing character: There is no 同 ("540C) in font nullfont!
Missing character: There is no ， ("FF0C) in font nullfont!
Missing character: There is no 如 ("5982) in font nullfont!
Missing character: There is no 下 ("4E0B) in font nullfont!
Missing character: There is no 图 ("56FE) in font nullfont!
! Undefined control sequence.
<write> ... Reference `fig:span' on page \thepage 
                                                  \space undefined\on@line .^^J
l.7 和翼型的气动特性不同，如下图\ref{fig:span}
                                。
The control sequence at the end of the top line
of your error message was never \def'ed. If you have
misspelled it (e.g., `\hobx'), type `I' and the correct
spelling (e.g., `I\hbox'). Otherwise just continue,
and I'll forget about whatever was undefined.


LaTeX Warning: Reference `fig:span' on page  undefined on input line 7.

Missing character: There is no 。 ("3002) in font nullfont!

! LaTeX Error: Environment figure undefined.

See the LaTeX manual or LaTeX Companion for explanation.
Type  H <return>  for immediate help.
 ...                                              
                                                  
l.8 \begin{figure}
                  [!ht]
Your command was ignored.
Type  I <command> <return>  to replace it with another command,
or  <return>  to continue without it.

Missing character: There is no [ ("5B) in font nullfont!
Missing character: There is no ! ("21) in font nullfont!
Missing character: There is no h ("68) in font nullfont!
Missing character: There is no t ("74) in font nullfont!
Missing character: There is no ] ("5D) in font nullfont!

! LaTeX Error: File `./aerodynamics/span.tex' not found.

Type X to quit or <RETURN> to proceed,
or enter new name. (Default extension: tex)

Enter file name: 
! Emergency stop.
<read *> 
         
l.10   \input{./aerodynamics/span.tex}
                                      ^^M
*** (cannot \read from terminal in nonstop modes)

 
Here is how much of TeX's memory you used:
 23 strings out of 474761
 515 string characters out of 5761074
 1918148 words of memory out of 5000000
 22285 multiletter control sequences out of 15000+600000
 558085 words of font info for 38 fonts, out of 8000000 for 9000
 1348 hyphenation exceptions out of 8191
 18i,2n,26p,89b,97s stack positions out of 10000i,1000n,20000p,200000b,200000s
No pages of output.
