\BOOKMARK [-1][]{part.1}{\376\377\173\054\116\000\220\350\122\006\000\040\155\101\117\123\122\233\133\146\127\372\170\100}{}% 1
\BOOKMARK [0][]{chapter.1}{\376\377\173\054\116\000\172\340\000\040\127\372\170\100\167\345\213\306}{part.1}% 2
\BOOKMARK [1][]{section.1.1}{\376\377\0001\000.\0001\000\040\155\101\117\123\152\041\127\213}{chapter.1}% 3
\BOOKMARK [1][]{section.1.2}{\376\377\0001\000.\0002\000\040\221\317\176\262\122\006\147\220\377\032\166\175\221\321\154\111\003\240\000\040\133\232\164\006\000\050\000D\000i\000m\000e\000n\000s\000i\000o\000n\000a\000l\000\040\000A\000n\000a\000l\000y\000s\000i\000s\000:\000\040\000T\000h\000e\000\040\000B\000u\000c\000k\000i\000n\000g\000H\000a\000m\000\040\000P\000I\000\040\000T\000h\000e\000o\000r\000e\000m\000\051}{chapter.1}% 4
\BOOKMARK [1][]{section.1.3}{\376\377\0001\000.\0003\000\040\154\024\122\250\122\233\124\214\154\024\122\250\122\233\167\351}{chapter.1}% 5
\BOOKMARK [0][]{chapter.2}{\376\377\173\054\116\214\172\340\000\040\127\072\213\272\127\372\170\100\167\345\213\306}{part.1}% 6
\BOOKMARK [1][]{section.2.1}{\376\377\0002\000.\0001\000\040\150\257\136\246\377\014\145\313\136\246\377\014\145\143\136\246}{chapter.2}% 7
\BOOKMARK [2][]{subsection.2.1.1}{\376\377\0002\000.\0001\000.\0001\000\040\150\257\136\246\213\241\173\227}{section.2.1}% 8
\BOOKMARK [2][]{subsection.2.1.2}{\376\377\0002\000.\0001\000.\0002\000\040\145\313\136\246\213\241\173\227}{section.2.1}% 9
\BOOKMARK [2][]{subsection.2.1.3}{\376\377\0002\000.\0001\000.\0003\000\040\145\143\136\246}{section.2.1}% 10
\BOOKMARK [1][]{section.2.2}{\376\377\0002\000.\0002\000\040\145\257\142\130\121\113\145\257\121\154\137\017\377\014\145\143\136\246\133\232\164\006\377\014\150\257\136\246\133\232\164\006}{chapter.2}% 11
\BOOKMARK [1][]{section.2.3}{\376\377\0002\000.\0003\000\040\136\166\167\342}{chapter.2}% 12
\BOOKMARK [1][]{section.2.4}{\376\377\0002\000.\0004\000\040\162\151\215\050\133\374\145\160}{chapter.2}% 13
\BOOKMARK [2][]{subsection.2.4.1}{\376\377\0002\000.\0004\000.\0001\000\040\220\037\136\246\145\143\136\246\166\204\162\151\164\006\141\017\116\111}{section.2.4}% 14
\BOOKMARK [0][]{chapter.3}{\376\377\173\054\116\011\172\340\000\040\127\372\147\054\145\271\172\013}{part.1}% 15
\BOOKMARK [1][]{section.3.1}{\376\377\0003\000.\0001\000\040\217\336\176\355\145\271\172\013}{chapter.3}% 16
\BOOKMARK [2][]{subsection.3.1.1}{\376\377\0003\000.\0001\000.\0001\000\040\137\256\122\006\137\142\137\017}{section.3.1}% 17
\BOOKMARK [2][]{subsection.3.1.2}{\376\377\0003\000.\0001\000.\0002\000\040\171\357\122\006\137\142\137\017}{section.3.1}% 18
\BOOKMARK [1][]{section.3.2}{\376\377\0003\000.\0002\000\040\122\250\221\317\145\271\172\013}{chapter.3}% 19
\BOOKMARK [2][]{subsection.3.2.1}{\376\377\0003\000.\0002\000.\0001\000\040\137\256\122\006\137\142\137\017}{section.3.2}% 20
\BOOKMARK [2][]{subsection.3.2.2}{\376\377\0003\000.\0002\000.\0002\000\040\171\357\122\006\137\142\137\017}{section.3.2}% 21
\BOOKMARK [1][]{section.3.3}{\376\377\0003\000.\0003\000\040\200\375\221\317\145\271\172\013}{chapter.3}% 22
\BOOKMARK [1][]{section.3.4}{\376\377\0003\000.\0004\000\040\143\317\217\360\155\101\117\123\217\320\122\250\166\204\145\271\154\325}{chapter.3}% 23
\BOOKMARK [2][]{subsection.3.4.1}{\376\377\0003\000.\0004\000.\0001\000\040\153\047\142\311\154\325\124\214\142\311\150\074\147\027\145\345\154\325}{section.3.4}% 24
\BOOKMARK [2][]{subsection.3.4.2}{\376\377\0003\000.\0004\000.\0002\000\040\155\101\176\277\000\050\000s\000t\000r\000e\000a\000m\000l\000i\000n\000e\000\051\000\040\000\040\000\040\217\371\176\277\000\040\000\050\000p\000a\000t\000h\000l\000i\000n\000e\000\051\000\040\000\040\201\011\176\277\000\050\000s\000t\000r\000e\000a\000k\000l\000i\000n\000e\000\051}{section.3.4}% 25
\BOOKMARK [2][]{subsection.3.4.3}{\376\377\0003\000.\0004\000.\0003\000\040\211\322\220\037\136\246\000\040\000\040\211\322\123\330\137\142\163\207}{section.3.4}% 26
\BOOKMARK [1][]{section.3.5}{\376\377\0003\000.\0005\000\040\155\101\121\375\145\160\124\214\122\277\121\375\145\160\000\050\220\037\136\246\117\115\000\051}{chapter.3}% 27
\BOOKMARK [2][]{subsection.3.5.1}{\376\377\0003\000.\0005\000.\0001\000\040\155\101\121\375\145\160}{section.3.5}% 28
\BOOKMARK [2][]{subsection.3.5.2}{\376\377\0003\000.\0005\000.\0002\000\040\122\277\121\375\145\160\000\050\220\037\136\246\117\115\000\051}{section.3.5}% 29
\BOOKMARK [1][]{section.3.6}{\376\377\0003\000.\0006\000\040\145\313\155\241\217\320\122\250}{chapter.3}% 30
\BOOKMARK [2][]{subsection.3.6.1}{\376\377\0003\000.\0006\000.\0001\000\040\116\245\131\306\227\015\121\171\133\232\164\006}{section.3.6}% 31
\BOOKMARK [0][]{chapter.4}{\376\377\173\054\126\333\172\340\000\040\116\015\123\357\123\213\145\340\174\230\155\101}{part.1}% 32
\BOOKMARK [1][]{section.4.1}{\376\377\0004\000.\0001\000\040\164\006\140\363\116\015\123\357\123\213\145\340\145\313\155\101\122\250\166\204\143\247\122\066\145\271\172\013}{chapter.4}% 33
\BOOKMARK [1][]{section.4.2}{\376\377\0004\000.\0002\000\040\142\311\146\156\142\311\145\257\145\271\172\013\166\204\127\372\147\054\211\343}{chapter.4}% 34
\BOOKMARK [2][]{subsection.4.2.1}{\376\377\0004\000.\0002\000.\0001\000\040\166\364\123\000\155\101}{section.4.2}% 35
\BOOKMARK [2][]{subsection.4.2.2}{\376\377\0004\000.\0002\000.\0002\000\040\160\271\156\220}{section.4.2}% 36
\BOOKMARK [0][]{chapter.5}{\376\377\173\054\116\224\172\340\000\040\232\330\220\037\123\357\123\213\155\101\122\250}{part.1}% 37
\BOOKMARK [1][]{section.5.1}{\376\377\0005\000.\0001\000\040\160\355\122\233\133\146\127\372\170\100}{chapter.5}% 38
\BOOKMARK [2][]{subsection.5.1.1}{\376\377\0005\000.\0001\000.\0001\000\040\121\205\200\375\000\050\000i\000n\000t\000e\000r\000n\000a\000l\000\040\000e\000n\000e\000r\000g\000y\000\051}{section.5.1}% 39
\BOOKMARK [2][]{subsection.5.1.2}{\376\377\0005\000.\0001\000.\0002\000\040\161\023\000\050\000e\000n\000t\000h\000a\000l\000p\000y\000\051}{section.5.1}% 40
\BOOKMARK [2][]{subsection.5.1.3}{\376\377\0005\000.\0001\000.\0003\000\040\160\355\122\233\133\146\173\054\116\000\133\232\137\213\124\214\153\324\160\355}{section.5.1}% 41
\BOOKMARK [2][]{subsection.5.1.4}{\376\377\0005\000.\0001\000.\0004\000\040\160\355\122\233\133\146\173\054\116\214\133\232\137\213\124\214\161\265\000\050\000e\000n\000t\000r\000o\000p\000y\000\051}{section.5.1}% 42
\BOOKMARK [1][]{section.5.2}{\376\377\0005\000.\0002\000\040\116\000\176\364\173\111\161\265\176\335\160\355\155\101}{chapter.5}% 43
\BOOKMARK [2][]{subsection.5.2.1}{\376\377\0005\000.\0002\000.\0001\000\040\200\375\221\317\145\271\172\013}{section.5.2}% 44
\BOOKMARK [2][]{subsection.5.2.2}{\376\377\0005\000.\0002\000.\0002\000\040\123\302\145\160\225\364\166\204\127\372\147\054\121\163\174\373\137\017}{section.5.2}% 45
\BOOKMARK [1][]{section.5.3}{\376\377\0005\000.\0003\000\040\232\154\215\153\154\342\124\214\201\250\200\300\154\342}{chapter.5}% 46
\BOOKMARK [1][]{section.5.4}{\376\377\0005\000.\0004\000\040\153\143\157\300\154\342}{chapter.5}% 47
\BOOKMARK [-1][]{part.2}{\376\377\173\054\116\214\220\350\122\006\000\040\172\172\154\024\122\250\122\233\133\146}{}% 48
\BOOKMARK [0][]{chapter.6}{\376\377\173\054\121\155\172\340\000\040\117\116\220\037\177\374\127\213\166\204\154\024\122\250\162\171\140\047}{part.2}% 49
\BOOKMARK [1][]{section.6.1}{\376\377\0006\000.\0001\000\040\177\374\137\142\166\204\121\340\117\125\134\072\133\370}{chapter.6}% 50
\BOOKMARK [2][]{subsection.6.1.1}{\376\377\0006\000.\0001\000.\0001\000\040\000N\000A\000C\000A\177\374\127\213\166\204\124\175\124\015\211\304\122\031}{section.6.1}% 51
\BOOKMARK [1][]{section.6.2}{\376\377\0006\000.\0002\000\040\165\050\116\216\117\116\220\037\155\101\122\250\116\013\166\204\177\374\127\213\166\204\164\006\213\272\211\343\154\325\377\032\227\142\155\241}{chapter.6}% 52
\BOOKMARK [1][]{section.6.3}{\376\377\0006\000.\0003\000\040\136\223\130\124\147\141\116\366}{chapter.6}% 53
\BOOKMARK [2][]{subsection.6.3.1}{\376\377\0006\000.\0003\000.\0001\000\040\154\241\147\011\144\151\144\346\200\375\116\247\165\037\123\107\122\233\124\027\377\037}{section.6.3}% 54
\BOOKMARK [1][]{section.6.4}{\376\377\0006\000.\0004\000\040\137\000\134\024\145\207\163\257\221\317\133\232\164\006\124\214\124\057\122\250\155\241}{chapter.6}% 55
\BOOKMARK [1][]{section.6.5}{\376\377\0006\000.\0005\000\040\176\317\121\170\205\204\177\374\164\006\213\272\377\032\133\371\171\360\177\374\127\213}{chapter.6}% 56
\BOOKMARK [1][]{section.6.6}{\376\377\0006\000.\0006\000\040\121\163\116\216\154\024\122\250\116\055\137\303\166\204\230\235\131\026\213\250\213\272}{chapter.6}% 57
\BOOKMARK [1][]{section.6.7}{\376\377\0006\000.\0007\000\040\174\230\140\047\155\101\122\250\377\032\177\374\127\213\226\073\122\233}{chapter.6}% 58
\BOOKMARK [2][]{subsection.6.7.1}{\376\377\0006\000.\0007\000.\0001\000\040\117\060\213\241\210\150\227\142\144\151\144\346\226\073\122\233\377\032\134\102\155\101}{section.6.7}% 59
\BOOKMARK [2][]{subsection.6.7.2}{\376\377\0006\000.\0007\000.\0002\000\040\117\060\213\241\210\150\227\142\144\151\144\346\226\073\122\233\377\032\156\115\155\101}{section.6.7}% 60
\BOOKMARK [2][]{subsection.6.7.3}{\376\377\0006\000.\0007\000.\0003\000\040\217\154\143\151}{section.6.7}% 61
\BOOKMARK [2][]{subsection.6.7.4}{\376\377\0006\000.\0007\000.\0004\000\040\155\101\122\250\122\006\171\273}{section.6.7}% 62
\BOOKMARK [1][]{section.6.8}{\376\377\0006\000.\0008\000\040\131\061\220\037\166\204\121\215\116\313\176\315}{chapter.6}% 63
\BOOKMARK [1][]{section.6.9}{\376\377\0006\000.\0009\000\040\140\073\176\323}{chapter.6}% 64
\BOOKMARK [0][]{chapter.7}{\376\377\173\054\116\003\172\340\000\040\116\015\123\357\123\213\145\340\174\230\155\101\176\325\155\101\147\011\226\120\177\374\134\125\166\204\147\072\177\374}{part.2}% 65
\BOOKMARK [-1][]{part.3}{\376\377\173\054\116\011\220\350\122\006\000\040\226\104\137\125}{}% 66
\BOOKMARK [0][]{appendix.A}{\376\377\000A\000\040\171\357\122\006}{part.3}% 67
\BOOKMARK [1][]{section.A.1}{\376\377\000A\000.\0001\000\040\173\054\116\000\116\052\171\357\122\006}{appendix.A}% 68
\BOOKMARK [1][]{section.A.2}{\376\377\000A\000.\0002\000\040\173\054\116\214\116\052\171\357\122\006}{appendix.A}% 69
\BOOKMARK [1][]{section.A.3}{\376\377\000A\000.\0003\000\040\173\054\116\011\116\052\171\357\122\006}{appendix.A}% 70
\BOOKMARK [0][]{appendix.B}{\376\377\000B\000\040\137\000\134\024\145\207\163\257\221\317\133\232\164\006\213\301\146\016}{part.3}% 71
